<?xml version="1.0" encoding="UTF-8"?>
<testng-results ignored="0" total="11" passed="11" failed="0" skipped="0">
  <reporter-output>
  </reporter-output>
  <suite started-at="2023-05-15T01:16:04 EET" name="Default suite" finished-at="2023-05-15T01:16:44 EET" duration-ms="39521">
    <groups>
    </groups>
    <test started-at="2023-05-15T01:16:04 EET" name="Default test" finished-at="2023-05-15T01:16:44 EET" duration-ms="39521">
      <class name="MosaferClass">
        <test-method is-config="true" signature="myBeforeTest()[pri:0, instance:MosaferClass@779dfe55]" started-at="2023-05-15T01:16:04 EET" name="myBeforeTest" finished-at="2023-05-15T01:16:06 EET" duration-ms="1866" status="PASS">
          <reporter-output>
          </reporter-output>
        </test-method> <!-- myBeforeTest -->
        <test-method signature="ArrayListCheck()[pri:0, instance:MosaferClass@779dfe55]" started-at="2023-05-15T01:16:06 EET" name="ArrayListCheck" finished-at="2023-05-15T01:16:06 EET" duration-ms="8" status="PASS">
          <reporter-output>
          </reporter-output>
        </test-method> <!-- ArrayListCheck -->
        <test-method signature="CheckQitafLogo()[pri:0, instance:MosaferClass@779dfe55]" started-at="2023-05-15T01:16:06 EET" name="CheckQitafLogo" finished-at="2023-05-15T01:16:06 EET" duration-ms="226" status="PASS">
          <reporter-output>
          </reporter-output>
        </test-method> <!-- CheckQitafLogo -->
        <test-method signature="CheckTheCurrency()[pri:0, instance:MosaferClass@779dfe55]" started-at="2023-05-15T01:16:06 EET" name="CheckTheCurrency" finished-at="2023-05-15T01:16:06 EET" duration-ms="25" status="PASS">
          <reporter-output>
          </reporter-output>
        </test-method> <!-- CheckTheCurrency -->
        <test-method signature="CheckThenumber()[pri:0, instance:MosaferClass@779dfe55]" started-at="2023-05-15T01:16:06 EET" name="CheckThenumber" finished-at="2023-05-15T01:16:06 EET" duration-ms="22" status="PASS">
          <reporter-output>
          </reporter-output>
        </test-method> <!-- CheckThenumber -->
        <test-method signature="RandomCheckTheWebsiteLanguage()[pri:0, instance:MosaferClass@779dfe55]" started-at="2023-05-15T01:16:06 EET" name="RandomCheckTheWebsiteLanguage" description="test number 9" finished-at="2023-05-15T01:16:07 EET" duration-ms="766" status="PASS">
          <reporter-output>
          </reporter-output>
        </test-method> <!-- RandomCheckTheWebsiteLanguage -->
        <test-method signature="checkarraylist2()[pri:0, instance:MosaferClass@779dfe55]" started-at="2023-05-15T01:16:07 EET" name="checkarraylist2" finished-at="2023-05-15T01:16:08 EET" duration-ms="881" status="PASS">
          <reporter-output>
          </reporter-output>
        </test-method> <!-- checkarraylist2 -->
        <test-method signature="CheckTheHotel()[pri:1, instance:MosaferClass@779dfe55]" started-at="2023-05-15T01:16:08 EET" name="CheckTheHotel" description="test number 10" finished-at="2023-05-15T01:16:29 EET" duration-ms="20661" status="PASS">
          <reporter-output>
          </reporter-output>
        </test-method> <!-- CheckTheHotel -->
        <test-method signature="CheckTheRoomAndTheOption()[pri:2, instance:MosaferClass@779dfe55]" started-at="2023-05-15T01:16:29 EET" name="CheckTheRoomAndTheOption" description="test number 11" finished-at="2023-05-15T01:16:29 EET" duration-ms="233" status="PASS">
          <reporter-output>
          </reporter-output>
        </test-method> <!-- CheckTheRoomAndTheOption -->
        <test-method signature="PressSearchButton()[pri:3, instance:MosaferClass@779dfe55]" started-at="2023-05-15T01:16:29 EET" name="PressSearchButton" description="test number 12" finished-at="2023-05-15T01:16:30 EET" duration-ms="1058" status="PASS">
          <reporter-output>
          </reporter-output>
        </test-method> <!-- PressSearchButton -->
        <test-method signature="TheLodingIsCompleted()[pri:4, instance:MosaferClass@779dfe55]" started-at="2023-05-15T01:16:30 EET" name="TheLodingIsCompleted" description="test number 13" finished-at="2023-05-15T01:16:40 EET" duration-ms="9916" status="PASS">
          <reporter-output>
          </reporter-output>
        </test-method> <!-- TheLodingIsCompleted -->
        <test-method signature="Sorting_From_Low_to_High()[pri:5, instance:MosaferClass@779dfe55]" started-at="2023-05-15T01:16:40 EET" name="Sorting_From_Low_to_High" description=" test number =14" finished-at="2023-05-15T01:16:44 EET" duration-ms="3816" status="PASS">
          <reporter-output>
          </reporter-output>
        </test-method> <!-- Sorting_From_Low_to_High -->
      </class> <!-- MosaferClass -->
    </test> <!-- Default test -->
  </suite> <!-- Default suite -->
</testng-results>
