<?xml version="1.0" encoding="UTF-8"?>
<testng-results ignored="0" total="3" passed="3" failed="0" skipped="0">
  <reporter-output>
  </reporter-output>
  <suite started-at="2023-05-02T14:17:24 EET" name="Default suite" finished-at="2023-05-02T14:17:32 EET" duration-ms="8479">
    <groups>
    </groups>
    <test started-at="2023-05-02T14:17:24 EET" name="Default test" finished-at="2023-05-02T14:17:32 EET" duration-ms="8479">
      <class name="MyTestCases">
        <test-method is-config="true" signature="MyBeforeTest()[pri:0, instance:MyTestCases@79b663b3]" started-at="2023-05-02T14:17:24 EET" name="MyBeforeTest" finished-at="2023-05-02T14:17:26 EET" duration-ms="2015" status="PASS">
          <reporter-output>
          </reporter-output>
        </test-method> <!-- MyBeforeTest -->
        <test-method signature="TestThetitle2()[pri:0, instance:MyTestCases@79b663b3]" started-at="2023-05-02T14:17:26 EET" name="TestThetitle2" finished-at="2023-05-02T14:17:26 EET" duration-ms="35" status="PASS">
          <reporter-output>
          </reporter-output>
        </test-method> <!-- TestThetitle2 -->
        <test-method signature="TestTitle()[pri:0, instance:MyTestCases@79b663b3]" started-at="2023-05-02T14:17:26 EET" name="TestTitle" finished-at="2023-05-02T14:17:26 EET" duration-ms="10" status="PASS">
          <reporter-output>
          </reporter-output>
        </test-method> <!-- TestTitle -->
        <test-method signature="AddMyItems()[pri:1, instance:MyTestCases@79b663b3]" started-at="2023-05-02T14:17:26 EET" name="AddMyItems" finished-at="2023-05-02T14:17:32 EET" duration-ms="6384" status="PASS">
          <reporter-output>
          </reporter-output>
        </test-method> <!-- AddMyItems -->
        <test-method is-config="true" signature="AfterTest()[pri:0, instance:MyTestCases@79b663b3]" started-at="2023-05-02T14:17:32 EET" name="AfterTest" finished-at="2023-05-02T14:17:32 EET" duration-ms="0" status="PASS">
          <reporter-output>
          </reporter-output>
        </test-method> <!-- AfterTest -->
      </class> <!-- MyTestCases -->
    </test> <!-- Default test -->
  </suite> <!-- Default suite -->
</testng-results>
