<?xml version="1.0" encoding="UTF-8"?>
<!-- Generated by org.testng.reporters.JUnitXMLReporter -->
<testsuite ignored="0" hostname="Zaid" failures="0" tests="11" name="Default test" time="39.521" errors="0" timestamp="2023-05-15T01:16:44 EET">
  <testcase classname="MosaferClass" name="ArrayListCheck" time="0.008"/>
  <testcase classname="MosaferClass" name="CheckQitafLogo" time="0.226"/>
  <testcase classname="MosaferClass" name="CheckTheCurrency" time="0.025"/>
  <testcase classname="MosaferClass" name="CheckThenumber" time="0.022"/>
  <testcase classname="MosaferClass" name="RandomCheckTheWebsiteLanguage" time="0.766"/>
  <testcase classname="MosaferClass" name="checkarraylist2" time="0.881"/>
  <testcase classname="MosaferClass" name="CheckTheHotel" time="20.661"/>
  <testcase classname="MosaferClass" name="CheckTheRoomAndTheOption" time="0.233"/>
  <testcase classname="MosaferClass" name="PressSearchButton" time="1.058"/>
  <testcase classname="MosaferClass" name="TheLodingIsCompleted" time="9.916"/>
  <testcase classname="MosaferClass" name="Sorting_From_Low_to_High" time="3.816"/>
</testsuite> <!-- Default test -->
