<?xml version="1.0" encoding="UTF-8"?>
<testng-results ignored="0" total="1" passed="1" failed="0" skipped="0">
  <reporter-output>
  </reporter-output>
  <suite started-at="2023-10-09T15:19:15 EET" name="Default suite" finished-at="2023-10-09T15:19:17 EET" duration-ms="1921">
    <groups>
    </groups>
    <test started-at="2023-10-09T15:19:15 EET" name="Default test" finished-at="2023-10-09T15:19:17 EET" duration-ms="1921">
      <class name="Swaglab_advaced_Test1">
        <test-method is-config="true" signature="MyBeforeTest()[pri:0, instance:Swaglab_advaced_Test1@288a4658]" started-at="2023-10-09T15:19:15 EET" name="MyBeforeTest" finished-at="2023-10-09T15:19:16 EET" duration-ms="1008" status="PASS">
          <reporter-output>
          </reporter-output>
        </test-method> <!-- MyBeforeTest -->
        <test-method signature="TestThress()[pri:0, instance:Swaglab_advaced_Test1@288a4658]" started-at="2023-10-09T15:19:16 EET" name="TestThress" finished-at="2023-10-09T15:19:17 EET" duration-ms="886" status="PASS">
          <reporter-output>
          </reporter-output>
        </test-method> <!-- TestThress -->
        <test-method is-config="true" signature="MtAfterTest()[pri:0, instance:Swaglab_advaced_Test1@288a4658]" started-at="2023-10-09T15:19:17 EET" name="MtAfterTest" finished-at="2023-10-09T15:19:17 EET" duration-ms="0" status="PASS">
          <reporter-output>
          </reporter-output>
        </test-method> <!-- MtAfterTest -->
      </class> <!-- Swaglab_advaced_Test1 -->
    </test> <!-- Default test -->
  </suite> <!-- Default suite -->
</testng-results>
