<?xml version="1.0" encoding="UTF-8"?>
<testng-results ignored="0" total="1" passed="1" failed="0" skipped="0">
  <reporter-output>
  </reporter-output>
  <suite started-at="2023-10-10T05:58:33 EET" name="Default suite" finished-at="2023-10-10T05:58:36 EET" duration-ms="3576">
    <groups>
    </groups>
    <test started-at="2023-10-10T05:58:33 EET" name="Default test" finished-at="2023-10-10T05:58:36 EET" duration-ms="3576">
      <class name="almosafer">
        <test-method is-config="true" signature="MyBeforeTest()[pri:0, instance:almosafer@7fcff1b9]" started-at="2023-10-10T05:58:33 EET" name="MyBeforeTest" finished-at="2023-10-10T05:58:36 EET" duration-ms="3347" status="PASS">
          <reporter-output>
          </reporter-output>
        </test-method> <!-- MyBeforeTest -->
        <test-method signature="CheckQitafLogo()[pri:0, instance:almosafer@7fcff1b9]" started-at="2023-10-10T05:58:36 EET" name="CheckQitafLogo" finished-at="2023-10-10T05:58:36 EET" duration-ms="202" status="PASS">
          <reporter-output>
          </reporter-output>
        </test-method> <!-- CheckQitafLogo -->
        <test-method is-config="true" signature="MyAfterTest()[pri:0, instance:almosafer@7fcff1b9]" started-at="2023-10-10T05:58:36 EET" name="MyAfterTest" finished-at="2023-10-10T05:58:36 EET" duration-ms="0" status="PASS">
          <reporter-output>
          </reporter-output>
        </test-method> <!-- MyAfterTest -->
      </class> <!-- almosafer -->
    </test> <!-- Default test -->
  </suite> <!-- Default suite -->
</testng-results>
